0 info it worked if it ends with ok
1 verbose cli [ 'C:\\Program Files\\nodejs\\node.exe',
1 verbose cli   'C:\\Program Files\\nodejs\\node_modules\\npm\\bin\\npm-cli.js',
1 verbose cli   'run',
1 verbose cli   'tsc',
1 verbose cli   '-w' ]
2 info using npm@3.10.9
3 info using node@v6.9.2
4 verbose run-script [ 'pretsc', 'tsc', 'posttsc' ]
5 info lifecycle famctodos@1.0.0~pretsc: famctodos@1.0.0
6 silly lifecycle famctodos@1.0.0~pretsc: no script for pretsc, continuing
7 info lifecycle famctodos@1.0.0~tsc: famctodos@1.0.0
8 verbose lifecycle famctodos@1.0.0~tsc: unsafe-perm in lifecycle true
9 verbose lifecycle famctodos@1.0.0~tsc: PATH: C:\Program Files\nodejs\node_modules\npm\bin\node-gyp-bin;C:\Users\rmcdonald\Desktop\famc\client\node_modules\.bin;C:\Users\rmcdonald\AppData\Roaming\npm;C:\Program Files\nodejs\;C:\Users\rmcdonald\Documents\biq\php;C:\Program Files (x86)\Intel\iCLS Client\;C:\Program Files\Intel\iCLS Client\;C:\Windows\system32;C:\Windows;C:\Windows\System32\Wbem;C:\Windows\System32\WindowsPowerShell\v1.0\;C:\Program Files\Intel\Intel(R) Management Engine Components\DAL;C:\Program Files (x86)\Intel\Intel(R) Management Engine Components\DAL;C:\Program Files\Intel\Intel(R) Management Engine Components\IPT;C:\Program Files (x86)\Intel\Intel(R) Management Engine Components\IPT;C:\Program Files (x86)\ATI Technologies\ATI.ACE\Core-Static;C:\ProgramData\ComposerSetup\bin;c:\Program Files (x86)\Microsoft SQL Server\110\Tools\Binn\ManagementStudio\;c:\Program Files (x86)\Microsoft SQL Server\110\Tools\Binn\;c:\Program Files\Microsoft SQL Server\110\Tools\Binn\;c:\Program Files (x86)\Microsoft SQL Server\110\DTS\Binn\;C:\Program Files (x86)\Git\cmd;C:\Program Files (x86)\Extensis\Suitcase Fusion 6\;C:\WINDOWS\system32;C:\WINDOWS;C:\WINDOWS\System32\Wbem;C:\WINDOWS\System32\WindowsPowerShell\v1.0\;C:\Program Files\nodejs\;C:\WINDOWS\system32\config\systemprofile\.dnx\bin;C:\Program Files\Microsoft DNX\Dnvm\;C:\Program Files\Microsoft SQL Server\130\Tools\Binn\;C:\Program Files (x86)\Brackets\command;C:\Users\rmcdonald\AppData\Roaming\npm;C:\Program Files (x86)\EaseUS\Todo Backup\bin\x64\
10 verbose lifecycle famctodos@1.0.0~tsc: CWD: C:\Users\rmcdonald\Desktop\famc\client
11 silly lifecycle famctodos@1.0.0~tsc: Args: [ '/d /s /c', 'tsc' ]
12 silly lifecycle famctodos@1.0.0~tsc: Returned: code: 2  signal: null
13 info lifecycle famctodos@1.0.0~tsc: Failed to exec tsc script
14 verbose stack Error: famctodos@1.0.0 tsc: `tsc`
14 verbose stack Exit status 2
14 verbose stack     at EventEmitter.<anonymous> (C:\Program Files\nodejs\node_modules\npm\lib\utils\lifecycle.js:255:16)
14 verbose stack     at emitTwo (events.js:106:13)
14 verbose stack     at EventEmitter.emit (events.js:191:7)
14 verbose stack     at ChildProcess.<anonymous> (C:\Program Files\nodejs\node_modules\npm\lib\utils\spawn.js:40:14)
14 verbose stack     at emitTwo (events.js:106:13)
14 verbose stack     at ChildProcess.emit (events.js:191:7)
14 verbose stack     at maybeClose (internal/child_process.js:877:16)
14 verbose stack     at Process.ChildProcess._handle.onexit (internal/child_process.js:226:5)
15 verbose pkgid famctodos@1.0.0
16 verbose cwd C:\Users\rmcdonald\Desktop\famc\client
17 error Windows_NT 10.0.10586
18 error argv "C:\\Program Files\\nodejs\\node.exe" "C:\\Program Files\\nodejs\\node_modules\\npm\\bin\\npm-cli.js" "run" "tsc" "-w"
19 error node v6.9.2
20 error npm  v3.10.9
21 error code ELIFECYCLE
22 error famctodos@1.0.0 tsc: `tsc`
22 error Exit status 2
23 error Failed at the famctodos@1.0.0 tsc script 'tsc'.
23 error Make sure you have the latest version of node.js and npm installed.
23 error If you do, this is most likely a problem with the famctodos package,
23 error not with npm itself.
23 error Tell the author that this fails on your system:
23 error     tsc
23 error You can get information on how to open an issue for this project with:
23 error     npm bugs famctodos
23 error Or if that isn't available, you can get their info via:
23 error     npm owner ls famctodos
23 error There is likely additional logging output above.
24 verbose exit [ 1, true ]
